<?xml version="1.0" encoding="UTF-8"?>
<!-- Generated by org.testng.reporters.JUnitXMLReporter -->
<testsuite hostname="LAPTOP-E20AETQ6" ignored="0" name="Test1" tests="2" failures="1" timestamp="2020-03-09T00:21:20 IST" time="27.61" errors="0">
  <testcase name="basePageNavigation" time="1.201" classname="Framework_TestNG.HomePage">
    <failure type="java.lang.AssertionError" message="expected [FEATURED COURSES12] but found [FEATURED COURSES]">
      <![CDATA[java.lang.AssertionError: expected [FEATURED COURSES12] but found [FEATURED COURSES]
at Framework_TestNG.HomePage.basePageNavigation(HomePage.java:37)
at java.util.ArrayList.forEach(ArrayList.java:1257)
... Removed 32 stack frames]]>
    </failure>
  </testcase> <!-- basePageNavigation -->
  <testcase name="basePageNavigation1" time="11.686" classname="Framework_TestNG.HomePage"/>
</testsuite> <!-- Test1 -->
