<?xml version="1.0" encoding="UTF-8"?>
<testng-results skipped="0" failed="0" ignored="0" total="1" passed="1">
  <reporter-output>
  </reporter-output>
  <suite name="Default suite" duration-ms="34360" started-at="2020-10-23T11:30:27Z" finished-at="2020-10-23T11:31:02Z">
    <groups>
    </groups>
    <test name="Default test" duration-ms="34360" started-at="2020-10-23T11:30:27Z" finished-at="2020-10-23T11:31:02Z">
      <class name="Assesment.TestAmazon">
        <test-method status="PASS" signature="Amaze()[pri:0, instance:Assesment.TestAmazon@38c5cc4c]" name="Amaze" duration-ms="34314" started-at="2020-10-23T11:30:27Z" finished-at="2020-10-23T11:31:02Z">
          <reporter-output>
          </reporter-output>
        </test-method> <!-- Amaze -->
      </class> <!-- Assesment.TestAmazon -->
    </test> <!-- Default test -->
  </suite> <!-- Default suite -->
</testng-results>
