<?xml version="1.0" encoding="UTF-8"?>
<!-- Generated by org.testng.reporters.JUnitXMLReporter -->
<testsuite hostname="LAPTOP-E20AETQ6" ignored="0" name="Default test" tests="4" failures="0" timestamp="2020-03-05T22:23:00 IST" time="0.098" errors="0">
  <testcase name="ChromeLoginPersonalLoan" time="0.009" classname="TestNG.day1"/>
  <testcase name="MobileLoginPersonalLoan" time="0.002" classname="TestNG.day1"/>
  <testcase name="WebLoginPersonalLoan" time="0.003" classname="TestNG.day1"/>
  <testcase name="zChromeLoginPersonalLoan" time="0.002" classname="TestNG.day1"/>
</testsuite> <!-- Default test -->
