<?xml version="1.0" encoding="UTF-8"?>
<!-- Generated by org.testng.reporters.JUnitXMLReporter -->
<testsuite hostname="LAPTOP-E20AETQ6" ignored="0" name="Car Loan" tests="4" failures="0" timestamp="2020-02-02T01:19:08 IST" time="0.018" errors="0">
  <testcase name="ChromeALoginCarLoan" time="0.005" classname="TestNG.day3"/>
  <testcase name="ChromeLoginCarLoan" time="0.001" classname="TestNG.day3"/>
  <testcase name="MobileLoginCarLoan" time="0.001" classname="TestNG.day3"/>
  <testcase name="WebLoginCarLoan" time="0.002" classname="TestNG.day3"/>
</testsuite> <!-- Car Loan -->
