<?xml version="1.0" encoding="UTF-8"?>
<!-- Generated by org.testng.reporters.JUnitXMLReporter -->
<testsuite hostname="LAPTOP-E20AETQ6" ignored="0" name="Personal Loan" tests="6" failures="0" timestamp="2020-02-02T01:19:08 IST" time="0.109" errors="0">
  <testcase name="ChromeLoginPersonalLoan" time="0.022" classname="TestNG.day1"/>
  <testcase name="MobileLoginPersonalLoan" time="0.001" classname="TestNG.day1"/>
  <testcase name="WebLoginPersonalLoan" time="0.003" classname="TestNG.day1"/>
  <testcase name="ChromeLoginHomeLoan" time="0.001" classname="TestNG.day2"/>
  <testcase name="MobileLoginHomeLoan" time="0.002" classname="TestNG.day2"/>
  <testcase name="WebLoginHomeLoan" time="0.003" classname="TestNG.day2"/>
</testsuite> <!-- Personal Loan -->
