<?xml version="1.0" encoding="UTF-8"?>
<!-- Generated by org.testng.reporters.JUnitXMLReporter -->
<testsuite hostname="LAPTOP-E20AETQ6" ignored="7" name="Smoke Testing" tests="3" failures="0" timestamp="2020-02-02T02:04:24 IST" time="0.074" errors="0">
  <testcase name="WebLoginPersonalLoan" time="0.01" classname="TestNG.day1"/>
  <testcase name="ChromeLoginHomeLoan" time="0.001" classname="TestNG.day2"/>
  <testcase name="ChromeLoginCarLoan" time="0.002" classname="TestNG.day3"/>
  <testcase name="ChromeLoginPersonalLoan" time="0.0" classname="TestNG.day1">
    <ignored/>
  </testcase> <!-- ChromeLoginPersonalLoan -->
  <testcase name="MobileLoginPersonalLoan" time="0.0" classname="TestNG.day1">
    <ignored/>
  </testcase> <!-- MobileLoginPersonalLoan -->
  <testcase name="WebLoginCarLoan" time="0.0" classname="TestNG.day3">
    <ignored/>
  </testcase> <!-- WebLoginCarLoan -->
  <testcase name="MobileLoginHomeLoan" time="0.0" classname="TestNG.day2">
    <ignored/>
  </testcase> <!-- MobileLoginHomeLoan -->
  <testcase name="WebLoginHomeLoan" time="0.0" classname="TestNG.day2">
    <ignored/>
  </testcase> <!-- WebLoginHomeLoan -->
  <testcase name="MobileLoginCarLoan" time="0.0" classname="TestNG.day3">
    <ignored/>
  </testcase> <!-- MobileLoginCarLoan -->
  <testcase name="ChromeALoginCarLoan" time="0.0" classname="TestNG.day3">
    <ignored/>
  </testcase> <!-- ChromeALoginCarLoan -->
</testsuite> <!-- Smoke Testing -->
