<?xml version="1.0" encoding="UTF-8"?>
<!-- Generated by org.testng.reporters.JUnitXMLReporter -->
<testsuite hostname="LAPTOP-E20AETQ6" ignored="0" name="Test" tests="4" failures="0" timestamp="2020-02-05T22:22:12 IST" time="0.111" errors="0">
  <testcase name="ChromeLoginPersonalLoan" time="0.011" classname="TestNG.day1"/>
  <testcase name="MobileLoginPersonalLoan" time="0.002" classname="TestNG.day1"/>
  <testcase name="WebLoginPersonalLoan" time="0.002" classname="TestNG.day1"/>
  <testcase name="zChromeLoginPersonalLoan" time="0.002" classname="TestNG.day1"/>
</testsuite> <!-- Test -->
