<?xml version="1.0" encoding="UTF-8"?>
<!-- Generated by org.testng.reporters.JUnitXMLReporter -->
<testsuite hostname="LAPTOP-E20AETQ6" ignored="1" name="Personal Loan" tests="5" failures="0" timestamp="2020-08-18T23:28:40 IST" time="0.03" errors="0">
  <testcase name="ApiZLoginPersonalLoan" time="0.002" classname="Test.Personal"/>
  <testcase name="MobileLoginPersonalLoan" time="0.002" classname="Test.Personal"/>
  <testcase name="MobileSignInPersonalLoan" time="0.004" classname="Test.Personal"/>
  <testcase name="WebLoginPersonalLoan" time="0.001" classname="Test.Personal"/>
  <testcase name="ApiLoginPersonalLoan" time="0.003" classname="Test.Personal"/>
  <testcase name="MobileLogOutPersonalLoan" time="0.0" classname="Test.Personal">
    <ignored/>
  </testcase> <!-- MobileLogOutPersonalLoan -->
</testsuite> <!-- Personal Loan -->
