<?xml version="1.0" encoding="UTF-8"?>
<!-- Generated by org.testng.reporters.JUnitXMLReporter -->
<testsuite hostname="LAPTOP-E20AETQ6" ignored="0" name="Test" tests="9" failures="0" timestamp="2020-08-18T23:28:40 IST" time="0.131" errors="0">
  <testcase name="pass1" time="0.011" classname="Test.PASS"/>
  <testcase name="pass3" time="0.008" classname="Test.PASS"/>
  <testcase name="ApiLoginHomeLoan" time="0.002" classname="Test.Home"/>
  <testcase name="MobileLoginHomeLoan" time="0.003" classname="Test.Home"/>
  <testcase name="WebLoginHomeLoan" time="0.002" classname="Test.Home"/>
  <testcase name="pass2" time="0.0" classname="Test.DataProvider_Concept"/>
  <testcase name="pass2" time="0.0" classname="Test.DataProvider_Concept"/>
  <testcase name="pass2" time="0.004" classname="Test.DataProvider_Concept"/>
  <testcase name="pass3" time="0.003" classname="Test.DataProvider_Concept"/>
</testsuite> <!-- Test -->
