<?xml version="1.0" encoding="UTF-8"?>
<!-- Generated by org.testng.reporters.JUnitXMLReporter -->
<testsuite hostname="LAPTOP-E20AETQ6" ignored="0" name="Default test" tests="4" failures="0" timestamp="2020-08-18T23:26:41 IST" time="0.111" errors="0">
  <testcase name="pass2" time="0.01" classname="Test.DataProvider_Concept"/>
  <testcase name="pass2" time="0.004" classname="Test.DataProvider_Concept"/>
  <testcase name="pass2" time="0.004" classname="Test.DataProvider_Concept"/>
  <testcase name="pass3" time="0.004" classname="Test.DataProvider_Concept"/>
</testsuite> <!-- Default test -->
