<?xml version="1.0" encoding="UTF-8"?>
<!-- Generated by org.testng.reporters.JUnitXMLReporter -->
<testsuite hostname="LAPTOP-E20AETQ6" ignored="0" name="Default test" tests="3" failures="0" timestamp="2020-09-21T03:15:53 IST" time="0.075" errors="0">
  <testcase name="BrowserAutomation" time="0.013" classname="Automation.AppiumMaven.RahulTest"/>
  <testcase name="ElementUI" time="0.001" classname="Automation.AppiumMaven.RahulTest"/>
  <testcase name="Exam" time="0.002" classname="Automation.AppiumMaven.RahulTest"/>
</testsuite> <!-- Default test -->
