<?xml version="1.0" encoding="UTF-8"?>
<testng-results skipped="0" failed="0" ignored="0" total="1" passed="1">
  <reporter-output>
  </reporter-output>
  <suite name="Suite" duration-ms="101" started-at="2021-01-21T19:26:57Z" finished-at="2021-01-21T19:26:57Z">
    <groups>
    </groups>
    <test name="Test" duration-ms="101" started-at="2021-01-21T19:26:57Z" finished-at="2021-01-21T19:26:57Z">
      <class name="Assesment.DataBase">
        <test-method status="PASS" signature="TestVerifyDB()[pri:0, instance:Assesment.DataBase@1d548a08]" name="TestVerifyDB" duration-ms="23" started-at="2021-01-21T19:26:57Z" finished-at="2021-01-21T19:26:57Z">
          <reporter-output>
          </reporter-output>
        </test-method> <!-- TestVerifyDB -->
      </class> <!-- Assesment.DataBase -->
    </test> <!-- Test -->
  </suite> <!-- Suite -->
</testng-results>
