<?xml version="1.0" encoding="UTF-8" ?>
<testsuite tests="9" failures="0" name="TestSuite" time="0.027" errors="0" skipped="0">
  <properties>
[...]
</properties>
  <testcase classname="Automation.AppiumMaven.AppiumTest" name="AndroidApp" time="0.02"/>
  <testcase classname="Automation.AppiumMaven.AppiumTest" name="IosApp" time="0"/>
  <testcase classname="Automation.AppiumMaven.RahulTest" name="BrowserAutomation" time="0.002"/>
  <testcase classname="Automation.AppiumMaven.RahulTest" name="ElementUI" time="0"/>
  <testcase classname="Automation.AppiumMaven.RahulTest" name="Exam" time="0.001"/>
  <testcase classname="Automation.AppiumMaven.RestApiTest" name="DeleteTwitter" time="0.002"/>
  <testcase classname="Automation.AppiumMaven.RestApiTest" name="PostJira" time="0.001"/>
  <testcase classname="Automation.AppiumMaven.SeliniumTest" name="BrowserAutomation" time="0.001"/>
  <testcase classname="Automation.AppiumMaven.SeliniumTest" name="ElementUI" time="0"/>
</testsuite>