<?xml version="1.0" encoding="UTF-8"?>
<!-- Generated by org.testng.reporters.JUnitXMLReporter -->
<testsuite hostname="LAPTOP-E20AETQ6" ignored="0" name="Command line test" tests="9" failures="0" timestamp="2021-01-21T13:26:48 IST" time="0.111" errors="0">
  <testcase name="AndroidApp" time="0.011" classname="Automation.AppiumMaven.AppiumTest"/>
  <testcase name="IosApp" time="0.001" classname="Automation.AppiumMaven.AppiumTest"/>
  <testcase name="BrowserAutomation" time="0.002" classname="Automation.AppiumMaven.RahulTest"/>
  <testcase name="ElementUI" time="0.001" classname="Automation.AppiumMaven.RahulTest"/>
  <testcase name="Exam" time="0.0" classname="Automation.AppiumMaven.RahulTest"/>
  <testcase name="DeleteTwitter" time="0.002" classname="Automation.AppiumMaven.RestApiTest"/>
  <testcase name="PostJira" time="0.001" classname="Automation.AppiumMaven.RestApiTest"/>
  <testcase name="BrowserAutomation" time="0.0" classname="Automation.AppiumMaven.SeliniumTest"/>
  <testcase name="ElementUI" time="0.001" classname="Automation.AppiumMaven.SeliniumTest"/>
</testsuite> <!-- Command line test -->
